


ARM Macro Assembler    Page 1 


    1 00000000         ;
    2 00000000         ; CSU11021 Introduction to Computing I 2019/2020
    3 00000000         ; Pseudo-random number generator
    4 00000000         ;
    5 00000000         ;; linear feedback shifter register
    6 00000000                 AREA             RESET, CODE, READONLY
    7 00000000                 ENTRY
    8 00000000         
    9 00000000 E3A00101        LDR              R0, =0x40000000 ; 
   10 00000004         ; start address for pseudo-random sequence
   11 00000004 E3A01040        LDR              R1, =64     ; number of pseudo-
                                                            random values to ge
                                                            nerate
   12 00000008 E59F2040        LDR              R2,=0x5578F7F5 ; seed for rando
                                                            m number
   13 0000000C         
   14 0000000C E3A07000        LDR              R7,=0       ; for counter
   15 00000010 E3A09040        LDR              R9,=64      ;ending count
   16 00000014 E5908000        LDR              R8,[R0]
   17 00000018         while
   18 00000018 E5908000        LDR              R8,[R0]
   19 0000001C E1570009        CMP              R7,R9
   20 00000020 CA000009        BGT              endwhile
   21 00000024         ;linear feedback shifter reigsiter
   22 00000024 E11100A1        TST              R1,R1,LSR #1
   23 00000028 E1B06061        MOVS             R6,R1,RRX
   24 0000002C E0A55005        ADC              R5,R5,R5
   25 00000030 E0266602        EOR              R6,R6,R2,LSL #12
   26 00000034 E0262A06        EOR              R2,R6,R6,LSL #20
   27 00000038         
   28 00000038 E1A08002        MOV              R8,R2       ;
   29 0000003C E5808000        STR              R8,[R0]
   30 00000040 E2800004        ADD              R0,R0,#4
   31 00000044 E2877001        ADD              R7,R7,#1
   32 00000048 EAFFFFF2        B                while
   33 0000004C         endwhile
   34 0000004C         ;
   35 0000004C         ; Write your program here
   36 0000004C         ; 
   37 0000004C         
   38 0000004C EAFFFFFE 
                       STOP    B                STOP
   39 00000050         
   40 00000050                 END
              5578F7F5 
Command Line: --debug --xref --diag_suppress=9931 --apcs=interwork --depend=.\o
bjects\4-3.d -o.\objects\4-3.o -IC:\Keil_v5\ARM\RV31\INC -IC:\Keil_v5\ARM\CMSIS
\Include -IC:\Keil_v5\ARM\Inc\Philips --predefine="__UVISION_VERSION SETA 514" 
--list=.\listings\4-3.lst 4-3.s



ARM Macro Assembler    Page 1 Alphabetic symbol ordering
Relocatable symbols

RESET 00000000

Symbol: RESET
   Definitions
      At line 6 in file 4-3.s
   Uses
      None
Comment: RESET unused
STOP 0000004C

Symbol: STOP
   Definitions
      At line 38 in file 4-3.s
   Uses
      At line 38 in file 4-3.s
Comment: STOP used once
endwhile 0000004C

Symbol: endwhile
   Definitions
      At line 33 in file 4-3.s
   Uses
      At line 20 in file 4-3.s
Comment: endwhile used once
while 00000018

Symbol: while
   Definitions
      At line 17 in file 4-3.s
   Uses
      At line 32 in file 4-3.s
Comment: while used once
4 symbols
337 symbols in table
