


ARM Macro Assembler    Page 1 


    1 00000000         ;
    2 00000000         ; CSU11021 Introduction to Computing I 2019/2020
    3 00000000         ; Anagrams
    4 00000000         ;
    5 00000000         
    6 00000000                 AREA             RESET, CODE, READONLY
    7 00000000                 ENTRY
    8 00000000         
    9 00000000 E59F0084        LDR              R0, =tststr1 ; first string
   10 00000004 E59F1084        LDR              R1, =tststr2 ; second string
   11 00000008         
   12 00000008 E3A02001        LDR              R2,=1       ;tempoary boolean r
                                                            easult = 1
   13 0000000C E3A05000        LDR              R5,=0       ;innerCount
   14 00000010 E3A06000        LDR              R6,=0       ;outerCount
   15 00000014 E3A0A001        LDR              R10,=1      ;constant one
   16 00000018         
   17 00000018         outerLoop
   18 00000018 E5D03000        LDRB             R3,[R0]     ;
   19 0000001C E5D14000        LDRB             R4,[R1]     ;
   20 00000020 E3530000        CMP              R3,#0
   21 00000024 0A00000C        BEQ              checkIfFinished
   22 00000028         innerLoop
   23 00000028 E3540000        CMP              R4,#0
   24 0000002C 0A000008        BEQ              notAnagram  ;until the end of l
                                                            oop 
   25 00000030 E1540003        CMP              R4,R3
   26 00000034 0A000002        BEQ              reOuterLoop
   27 00000038 E2811001        ADD              R1,R1,#1
   28 0000003C E5D14000        LDRB             R4,[R1]
   29 00000040 EAFFFFF8        B                innerLoop
   30 00000044         reOuterLoop
   31 00000044 E5C1A000        STRB             R10,[R1]    ;replace the same c
                                                            haracter with 1 for
                                                             convience
   32 00000048 E59F1040        LDR              R1,=tststr2
   33 0000004C E2811001        ADD              R1,R1,#1
   34 00000050 EAFFFFF0        B                outerLoop
   35 00000054         notAnagram
   36 00000054 E3A02000        LDR              R2,=0
   37 00000058 EA000006        B                finalDealing
   38 0000005C         checkIfFinished
   39 0000005C E3540000        CMP              R4,#0
   40 00000060 0A000004        BEQ              finalDealing
   41 00000064 E3540001        CMP              R4,#1
   42 00000068 1AFFFFF9        BNE              notAnagram
   43 0000006C E2811001        ADD              R1,R1,#1    ;next Addres for te
                                                            st B
   44 00000070 E5D14000        LDRB             R4,[R1]
   45 00000074 EAFFFFF8        B                checkIfFinished
   46 00000078         finalDealing
   47 00000078 E1A00002        MOV              R0,R2
   48 0000007C EAFFFFFE 
                       STOP    B                STOP
   49 00000080         
   50 00000080 74 61 70 
              61 73 00 tststr1 DCB              "tapas",0
   51 00000086 70 61 73 
              74 61 00 tststr2 DCB              "pasta",0



ARM Macro Assembler    Page 2 


   52 0000008C         
   53 0000008C                 END
              00000000 
              00000000 
              00000000 
Command Line: --debug --xref --diag_suppress=9931 --apcs=interwork --depend=.\o
bjects\4-4.d -o.\objects\4-4.o -IC:\Keil_v5\ARM\RV31\INC -IC:\Keil_v5\ARM\CMSIS
\Include -IC:\Keil_v5\ARM\Inc\Philips --predefine="__UVISION_VERSION SETA 514" 
--list=.\listings\4-4.lst 4-4.s



ARM Macro Assembler    Page 1 Alphabetic symbol ordering
Relocatable symbols

RESET 00000000

Symbol: RESET
   Definitions
      At line 6 in file 4-4.s
   Uses
      None
Comment: RESET unused
STOP 0000007C

Symbol: STOP
   Definitions
      At line 48 in file 4-4.s
   Uses
      At line 48 in file 4-4.s
Comment: STOP used once
checkIfFinished 0000005C

Symbol: checkIfFinished
   Definitions
      At line 38 in file 4-4.s
   Uses
      At line 21 in file 4-4.s
      At line 45 in file 4-4.s

finalDealing 00000078

Symbol: finalDealing
   Definitions
      At line 46 in file 4-4.s
   Uses
      At line 37 in file 4-4.s
      At line 40 in file 4-4.s

innerLoop 00000028

Symbol: innerLoop
   Definitions
      At line 22 in file 4-4.s
   Uses
      At line 29 in file 4-4.s
Comment: innerLoop used once
notAnagram 00000054

Symbol: notAnagram
   Definitions
      At line 35 in file 4-4.s
   Uses
      At line 24 in file 4-4.s
      At line 42 in file 4-4.s

outerLoop 00000018

Symbol: outerLoop
   Definitions
      At line 17 in file 4-4.s
   Uses
      At line 34 in file 4-4.s
Comment: outerLoop used once



ARM Macro Assembler    Page 2 Alphabetic symbol ordering
Relocatable symbols

reOuterLoop 00000044

Symbol: reOuterLoop
   Definitions
      At line 30 in file 4-4.s
   Uses
      At line 26 in file 4-4.s
Comment: reOuterLoop used once
tststr1 00000080

Symbol: tststr1
   Definitions
      At line 50 in file 4-4.s
   Uses
      At line 9 in file 4-4.s
Comment: tststr1 used once
tststr2 00000086

Symbol: tststr2
   Definitions
      At line 51 in file 4-4.s
   Uses
      At line 10 in file 4-4.s
      At line 32 in file 4-4.s

10 symbols
343 symbols in table
