


ARM Macro Assembler    Page 1 


    1 00000000         ;
    2 00000000         ; CSU11021 Introduction to Computing I 2019/2020
    3 00000000         ; Anagrams
    4 00000000         ;
    5 00000000         
    6 00000000                 AREA             RESET, CODE, READONLY
    7 00000000                 ENTRY
    8 00000000         
    9 00000000 E59F00A4        LDR              R0, =tststr1 ; first string
   10 00000004 E59F10A4        LDR              R1, =tststr2 ; second string
   11 00000008 E3A02101        LDR              R2,=0x40000000 
                                                            ;for channing tstr2
                                                            
   12 0000000C E1A03002        MOV              R3,R2       ;start address of r
                                                            1
   13 00000010 E3A08001        LDR              R8,=1       ;flag
   14 00000014         whileLoad                            ;transforming strin
                                                            g to array
   15 00000014 E5D14000        LDRB             R4,[R1]     ;load data for str2
                                                            
   16 00000018 E3540000        CMP              R4,#'\0'
   17 0000001C 0A000003        BEQ              endwhileLoad
   18 00000020 E5C24000        STRB             R4,[R2]
   19 00000024 E2822001        ADD              R2,R2,#1
   20 00000028 E2811001        ADD              R1,R1,#1
   21 0000002C EAFFFFF8        B                whileLoad
   22 00000030         endwhileLoad
   23 00000030         
   24 00000030 E1A05003        MOV              R5,R3
   25 00000034         outerFor
   26 00000034 E5D04000        LDRB             R4,[R0]
   27 00000038 E3540000        CMP              R4,#'\0'
   28 0000003C 0A000010        BEQ              endOuterLoop
   29 00000040         
   30 00000040         while                                ;while(
   31 00000040 E5D56000        LDRB             R6,[R5]
   32 00000044 E1540006        CMP              R4,R6       ;(char A !=char B
   33 00000048 0A000003        BEQ              endwhile    ;&&
   34 0000004C E3560000        CMP              R6,#0       ;char B !=0x00)
   35 00000050 0A000001        BEQ              endwhile
   36 00000054 E2855001        ADD              R5,R5,#1
   37 00000058 EAFFFFF8        B                while
   38 0000005C         endwhile
   39 0000005C E1540006        CMP              R4,R6       ; char A = char B
   40 00000060 1A000002        BNE              notAn
   41 00000064 E3A07001        LDR              R7,=1
   42 00000068 E5C57000        STRB             R7,[R5]
   43 0000006C EA000001        B                endifA
   44 00000070         notAn
   45 00000070 E3A08000        MOV              R8,#0
   46 00000074 EA000002        B                finalResultNotA
   47 00000078         endifA
   48 00000078 E2800001        ADD              R0,R0,#1
   49 0000007C E1A05003        MOV              R5,R3
   50 00000080 EAFFFFEB        B                outerFor
   51 00000084         endOuterLoop
   52 00000084         
   53 00000084         finalResultNotA
   54 00000084 E3580000        CMP              R8,#0



ARM Macro Assembler    Page 2 


   55 00000088 0A000001        BEQ              notAnar     ;result !=0   
   56 0000008C E3A00001        LDR              R0,=1
   57 00000090 EA000000        B                endifF
   58 00000094         notAnar
   59 00000094 E3A00000        LDR              R0,=0
   60 00000098         endifF
   61 00000098         
   62 00000098 EAFFFFFE 
                       STOP    B                STOP
   63 0000009C         
   64 0000009C 73 74 61 
              70 61 73 
              00       tststr1 DCB              "stapas",0
   65 000000A3 70 61 73 
              74 61 00 tststr2 DCB              "pasta",0
   66 000000A9         
   67 000000A9                 END
              00 00 00 
              00000000 
              00000000 
Command Line: --debug --xref --diag_suppress=9931 --apcs=interwork --depend=.\o
bjects\lab-4-4-anagram.d -o.\objects\lab-4-4-anagram.o -IC:\Keil_v5\ARM\RV31\IN
C -IC:\Keil_v5\ARM\CMSIS\Include -IC:\Keil_v5\ARM\Inc\Philips --predefine="__UV
ISION_VERSION SETA 514" --list=.\listings\lab-4-4-anagram.lst Lab-4-4-Anagram.s



ARM Macro Assembler    Page 1 Alphabetic symbol ordering
Relocatable symbols

RESET 00000000

Symbol: RESET
   Definitions
      At line 6 in file Lab-4-4-Anagram.s
   Uses
      None
Comment: RESET unused
STOP 00000098

Symbol: STOP
   Definitions
      At line 62 in file Lab-4-4-Anagram.s
   Uses
      At line 62 in file Lab-4-4-Anagram.s
Comment: STOP used once
endOuterLoop 00000084

Symbol: endOuterLoop
   Definitions
      At line 51 in file Lab-4-4-Anagram.s
   Uses
      At line 28 in file Lab-4-4-Anagram.s
Comment: endOuterLoop used once
endifA 00000078

Symbol: endifA
   Definitions
      At line 47 in file Lab-4-4-Anagram.s
   Uses
      At line 43 in file Lab-4-4-Anagram.s
Comment: endifA used once
endifF 00000098

Symbol: endifF
   Definitions
      At line 60 in file Lab-4-4-Anagram.s
   Uses
      At line 57 in file Lab-4-4-Anagram.s
Comment: endifF used once
endwhile 0000005C

Symbol: endwhile
   Definitions
      At line 38 in file Lab-4-4-Anagram.s
   Uses
      At line 33 in file Lab-4-4-Anagram.s
      At line 35 in file Lab-4-4-Anagram.s

endwhileLoad 00000030

Symbol: endwhileLoad
   Definitions
      At line 22 in file Lab-4-4-Anagram.s
   Uses
      At line 17 in file Lab-4-4-Anagram.s
Comment: endwhileLoad used once
finalResultNotA 00000084




ARM Macro Assembler    Page 2 Alphabetic symbol ordering
Relocatable symbols

Symbol: finalResultNotA
   Definitions
      At line 53 in file Lab-4-4-Anagram.s
   Uses
      At line 46 in file Lab-4-4-Anagram.s
Comment: finalResultNotA used once
notAn 00000070

Symbol: notAn
   Definitions
      At line 44 in file Lab-4-4-Anagram.s
   Uses
      At line 40 in file Lab-4-4-Anagram.s
Comment: notAn used once
notAnar 00000094

Symbol: notAnar
   Definitions
      At line 58 in file Lab-4-4-Anagram.s
   Uses
      At line 55 in file Lab-4-4-Anagram.s
Comment: notAnar used once
outerFor 00000034

Symbol: outerFor
   Definitions
      At line 25 in file Lab-4-4-Anagram.s
   Uses
      At line 50 in file Lab-4-4-Anagram.s
Comment: outerFor used once
tststr1 0000009C

Symbol: tststr1
   Definitions
      At line 64 in file Lab-4-4-Anagram.s
   Uses
      At line 9 in file Lab-4-4-Anagram.s
Comment: tststr1 used once
tststr2 000000A3

Symbol: tststr2
   Definitions
      At line 65 in file Lab-4-4-Anagram.s
   Uses
      At line 10 in file Lab-4-4-Anagram.s
Comment: tststr2 used once
while 00000040

Symbol: while
   Definitions
      At line 30 in file Lab-4-4-Anagram.s
   Uses
      At line 37 in file Lab-4-4-Anagram.s
Comment: while used once
whileLoad 00000014

Symbol: whileLoad
   Definitions
      At line 14 in file Lab-4-4-Anagram.s



ARM Macro Assembler    Page 3 Alphabetic symbol ordering
Relocatable symbols

   Uses
      At line 21 in file Lab-4-4-Anagram.s
Comment: whileLoad used once
15 symbols
348 symbols in table
