


ARM Macro Assembler    Page 1 


    1 00000000         ;
    2 00000000         ; CSU11021 Introduction to Computing I 2019/2020
    3 00000000         ; 64-bit Shift
    4 00000000         ;
    5 00000000         
    6 00000000                 AREA             RESET, CODE, READONLY
    7 00000000                 ENTRY
    8 00000000         
    9 00000000 E59F1058        LDR              R1, =0xD9448A9B ; most signific
                                                            aint 32 bits (63 ..
                                                            . 32)
   10 00000004 E59F0058        LDR              R0, =0xB8AA9D3B ; least signifi
                                                            cant 32 bits (31 ..
                                                            . 0)
   11 00000008 E3E02001        LDR              R2, =-2     ; shift count
   12 0000000C         
   13 0000000C         ;
   14 0000000C         ; Write your program here
   15 0000000C         ;
   16 0000000C         
   17 0000000C E3520000        CMP              R2,#0       ;if(shiftCount <0
   18 00000010 BA000001        BLT              shiftLeft
   19 00000014 CA000008        BGT              shiftRight
   20 00000018 0A00000F        BEQ              STOP
   21 0000001C         
   22 0000001C         shiftLeft
   23 0000001C E3520000        CMP              R2,#0       ;while(shiftCount <
                                                            0
   24 00000020 AA00000D        BGE              STOP
   25 00000024 E1A01081        MOV              R1,R1,LSL #1 ; MSB >>1
   26 00000028 E1B00080        MOVS             R0,R0,LSL #1 ;check carry flag
   27 0000002C 3A000000        BCC              addingOne
   28 00000030 E2811001        ADD              R1,R1,#0x00000001
   29 00000034         addingOne
   30 00000034 E2822001        ADD              R2,R2,#1
   31 00000038 EAFFFFF7        B                shiftLeft
   32 0000003C         shiftRight
   33 0000003C E3520000        CMP              R2,#0       ;while(shiftCount >
                                                            0
   34 00000040 DA000005        BLE              STOP
   35 00000044 E1A000A0        MOV              R0,R0,LSR #1
   36 00000048 E1B010A1        MOVS             R1,R1,LSR #1
   37 0000004C 3A000000        BCC              minusOne
   38 00000050 E2800102        ADD              R0,R0,#0x80000000
   39 00000054         minusOne
   40 00000054 E2422001        SUB              R2,R2,#1
   41 00000058 EAFFFFF7        B                shiftRight
   42 0000005C         finish
   43 0000005C EAFFFFFE 
                       STOP    B                STOP
   44 00000060         
   45 00000060                 END
              D9448A9B 
              B8AA9D3B 
Command Line: --debug --xref --diag_suppress=9931 --apcs=interwork --depend=.\o
bjects\4-2.d -o.\objects\4-2.o -IC:\Keil_v5\ARM\RV31\INC -IC:\Keil_v5\ARM\CMSIS
\Include -IC:\Keil_v5\ARM\Inc\Philips --predefine="__UVISION_VERSION SETA 514" 
--list=.\listings\4-2.lst 4-2.s



ARM Macro Assembler    Page 1 Alphabetic symbol ordering
Relocatable symbols

RESET 00000000

Symbol: RESET
   Definitions
      At line 6 in file 4-2.s
   Uses
      None
Comment: RESET unused
STOP 0000005C

Symbol: STOP
   Definitions
      At line 43 in file 4-2.s
   Uses
      At line 20 in file 4-2.s
      At line 24 in file 4-2.s
      At line 34 in file 4-2.s
      At line 43 in file 4-2.s

addingOne 00000034

Symbol: addingOne
   Definitions
      At line 29 in file 4-2.s
   Uses
      At line 27 in file 4-2.s
Comment: addingOne used once
finish 0000005C

Symbol: finish
   Definitions
      At line 42 in file 4-2.s
   Uses
      None
Comment: finish unused
minusOne 00000054

Symbol: minusOne
   Definitions
      At line 39 in file 4-2.s
   Uses
      At line 37 in file 4-2.s
Comment: minusOne used once
shiftLeft 0000001C

Symbol: shiftLeft
   Definitions
      At line 22 in file 4-2.s
   Uses
      At line 18 in file 4-2.s
      At line 31 in file 4-2.s

shiftRight 0000003C

Symbol: shiftRight
   Definitions
      At line 32 in file 4-2.s
   Uses
      At line 19 in file 4-2.s



ARM Macro Assembler    Page 2 Alphabetic symbol ordering
Relocatable symbols

      At line 41 in file 4-2.s

7 symbols
340 symbols in table
